<?xml version="1.0" encoding="UTF-8"?>
<!-- Generated by org.testng.reporters.JUnitReportReporter -->
<testsuite hostname="LAPTOP-965NCTD2" failures="0" tests="1" name="runners.SmokeTestRunner" time="7.079" errors="0" timestamp="01 Nov 2023 18:21:17 GMT" skipped="0">
  <testcase classname="runners.SmokeTestRunner" name="runScenario" time="7.079"/>
</testsuite> <!-- runners.SmokeTestRunner -->
